Start testing: Oct 28 13:29 MSK
----------------------------------------------------------
2/2 Testing: test_version_google
2/2 Test: test_version_google
Command: "/home/fx/projects/otus-cpp/otus-cpp/build/test_version_google"
Directory: /home/fx/projects/otus-cpp/otus-cpp/build
"test_version_google" start time: Oct 28 13:29 MSK
Output:
----------------------------------------------------------
[==========] Running 1 test from 1 test suite.
[----------] Global test environment set-up.
[----------] 1 test from TestGroupName
[ RUN      ] TestGroupName.Subtest_1
continue test after failure
[       OK ] TestGroupName.Subtest_1 (0 ms)
[----------] 1 test from TestGroupName (0 ms total)

[----------] Global test environment tear-down
[==========] 1 test from 1 test suite ran. (0 ms total)
[  PASSED  ] 1 test.
<end of output>
Test time =   0.00 sec
----------------------------------------------------------
Test Passed.
"test_version_google" end time: Oct 28 13:29 MSK
"test_version_google" time elapsed: 00:00:00
----------------------------------------------------------

End testing: Oct 28 13:29 MSK
