Start testing: Oct 28 21:02 MSK
----------------------------------------------------------
1/1 Testing: ipfilter_gtest
1/1 Test: ipfilter_gtest
Command: "/home/fx/projects/otus-cpp/otus-cpp/build/ipfilter_gtest"
Directory: /home/fx/projects/otus-cpp/otus-cpp/build
"ipfilter_gtest" start time: Oct 28 21:02 MSK
Output:
----------------------------------------------------------
[==========] Running 1 test from 1 test suite.
[----------] Global test environment set-up.
[----------] 1 test from TestGroupName
[ RUN      ] TestGroupName.Subtest_1
[       OK ] TestGroupName.Subtest_1 (0 ms)
[----------] 1 test from TestGroupName (0 ms total)

[----------] Global test environment tear-down
[==========] 1 test from 1 test suite ran. (0 ms total)
[  PASSED  ] 1 test.
<end of output>
Test time =   0.00 sec
----------------------------------------------------------
Test Passed.
"ipfilter_gtest" end time: Oct 28 21:02 MSK
"ipfilter_gtest" time elapsed: 00:00:00
----------------------------------------------------------

End testing: Oct 28 21:02 MSK
