<?xml version="1.0" encoding="UTF-8"?>
<Site BuildName="(empty)"
	BuildStamp="20241028-0936-Experimental"
	Name="(empty)"
	Generator="ctest-3.28.3"
	CompilerName=""
	CompilerVersion=""
	OSName="Linux"
	Hostname="HEAT"
	OSRelease="5.15.153.1-microsoft-standard-WSL2"
	OSVersion="#1 SMP Fri Mar 29 23:14:13 UTC 2024"
	OSPlatform="x86_64"
	Is64Bits="1"
	VendorString="AuthenticAMD"
	VendorID="Advanced Micro Devices"
	FamilyID="25"
	ModelID="33"
	ProcessorCacheSize="512"
	NumberOfLogicalCPU="8"
	NumberOfPhysicalCPU="8"
	TotalVirtualMemory="8192"
	TotalPhysicalMemory="32062"
	LogicalProcessorsPerPhysical="1"
	ProcessorClockFrequency="3400"
	>
	<Testing>
		<StartDateTime>Oct 29 00:29 MSK</StartDateTime>
		<StartTestTime>1730150963</StartTestTime>
		<TestList>
			<Test>./ipfilter_cli</Test>
		</TestList>
		<Test Status="passed">
			<Name>ipfilter_cli</Name>
			<Path>.</Path>
			<FullName>./ipfilter_cli</FullName>
			<FullCommandLine>/usr/bin/sh "-c" "cat /home/fx/projects/otus-cpp/otus-cpp/build/ip_filter.tsv | ./ipfilter_cli | md5sum | grep -q '24e7a7b2270daee89c64d3ca5fb3da1a'"</FullCommandLine>
			<Results>
				<NamedMeasurement type="numeric/double" name="Execution Time">
					<Value>0.00634151</Value>
				</NamedMeasurement>
				<NamedMeasurement type="numeric/double" name="Processors">
					<Value>1</Value>
				</NamedMeasurement>
				<NamedMeasurement type="text/string" name="Completion Status">
					<Value>Completed</Value>
				</NamedMeasurement>
				<NamedMeasurement type="text/string" name="Command Line">
					<Value>/usr/bin/sh "-c" "cat /home/fx/projects/otus-cpp/otus-cpp/build/ip_filter.tsv | ./ipfilter_cli | md5sum | grep -q '24e7a7b2270daee89c64d3ca5fb3da1a'"</Value>
				</NamedMeasurement>
				<NamedMeasurement type="text/string" name="Environment">
					<Value>#CTEST_RESOURCE_GROUP_COUNT=</Value>
				</NamedMeasurement>
				<Measurement>
					<Value></Value>
				</Measurement>
			</Results>
		</Test>
		<EndDateTime>Oct 29 00:29 MSK</EndDateTime>
		<EndTestTime>1730150963</EndTestTime>
		<ElapsedMinutes>0</ElapsedMinutes>
	</Testing>
</Site>
